Traceback (most recent call last):
  File "D:\Program Files\Python39\lib\site-packages\jupyter_cache\executors\utils.py", line 58, in single_nb_execution
    executenb(
  File "D:\Program Files\Python39\lib\site-packages\nbclient\client.py", line 1314, in execute
    return NotebookClient(nb=nb, resources=resources, km=km, **kwargs).execute()
  File "D:\Program Files\Python39\lib\site-packages\jupyter_core\utils\__init__.py", line 165, in wrapped
    return loop.run_until_complete(inner)
  File "D:\Program Files\Python39\lib\asyncio\base_events.py", line 642, in run_until_complete
    return future.result()
  File "D:\Program Files\Python39\lib\site-packages\nbclient\client.py", line 709, in async_execute
    await self.async_execute_cell(
  File "D:\Program Files\Python39\lib\site-packages\nbclient\client.py", line 1062, in async_execute_cell
    await self._check_raise_for_error(cell, cell_index, exec_reply)
  File "D:\Program Files\Python39\lib\site-packages\nbclient\client.py", line 918, in _check_raise_for_error
    raise CellExecutionError.from_cell_and_msg(cell, exec_reply_content)
nbclient.exceptions.CellExecutionError: An error occurred while executing the following cell:
------------------
# è¯»å–å…¨çƒCOVID-19ç¡®è¯Šæ•°æ®
confirmed = pd.read_csv('time_series_covid19_confirmed_global.csv')
# ç­›é€‰å‡ºéŸ©å›½çš„æ•°æ®
confirmed[confirmed['Country/Region']=='Korea, South']
# æå–éŸ©å›½æ•°æ®ä¸­ä»Žç¬¬4åˆ—å¼€å§‹çš„æ‰€æœ‰åˆ—ï¼Œå¹¶è½¬ç½®
korea = confirmed[confirmed['Country/Region']=='Korea, South'].iloc[:,4:].T
# å°†ç´¢å¼•è½¬æ¢ä¸ºæ—¥æœŸæ ¼å¼
korea.index = pd.to_datetime(korea.index)
# è®¡ç®—æ¯æ—¥æ–°å¢žç¡®è¯Šç—…ä¾‹æ•°
daily_cases = korea.diff().fillna(korea.iloc[0]).astype('int')

# å®šä¹‰ä¸€ä¸ªå‡½æ•°ï¼Œç”¨äºŽåˆ›å»ºæ—¶é—´åºåˆ—æ•°æ®
def create_sequences(data, seq_length):
    xs = []
    ys = []
    for i in range(len(data)-seq_length):
        # å–é•¿åº¦ä¸ºseq_lengthçš„æ—¶é—´åºåˆ—ä½œä¸ºè¾“å…¥ç‰¹å¾
        x = data.iloc[i:(i+seq_length)]
        # å–æ—¶é—´åºåˆ—çš„ä¸‹ä¸€ä¸ªå€¼ä½œä¸ºç›®æ ‡å€¼
        y = data.iloc[i+seq_length]
        xs.append(x)
        ys.append(y)
    return np.array(xs), np.array(ys)

# å°†æ¯æ—¥æ–°å¢žç¡®è¯Šç—…ä¾‹æ•°è½¬æ¢ä¸ºæ—¶é—´åºåˆ—æ•°æ®
seq_length = 5
X, y = create_sequences(daily_cases, seq_length)

# åˆ’åˆ†è®­ç»ƒé›†ã€éªŒè¯é›†å’Œæµ‹è¯•é›†
train_size = int(327 * 0.8)
X_train, y_train = X[:train_size], y[:train_size]
X_val, y_val = X[train_size:train_size+33], y[train_size:train_size+33]
X_test, y_test = X[train_size+33:], y[train_size+33:]

# è®¡ç®—è®­ç»ƒé›†çš„æœ€å°å€¼å’Œæœ€å¤§å€¼
MIN = X_train.min()
MAX = X_train.max()

# å®šä¹‰ä¸€ä¸ªå‡½æ•°ï¼Œç”¨äºŽå¯¹æ•°æ®è¿›è¡Œæœ€å°-æœ€å¤§å½’ä¸€åŒ–
def MinMaxScale(array, min, max):
    return (array - min) / (max - min)

# å¯¹è®­ç»ƒé›†ã€éªŒè¯é›†å’Œæµ‹è¯•é›†è¿›è¡Œå½’ä¸€åŒ–
X_train = MinMaxScale(X_train, MIN, MAX)
y_train = MinMaxScale(y_train, MIN, MAX)
X_val = MinMaxScale(X_val, MIN, MAX)
y_val = MinMaxScale(y_val, MIN, MAX)
X_test = MinMaxScale(X_test, MIN, MAX)
y_test = MinMaxScale(y_test, MIN, MAX)

# å®šä¹‰ä¸€ä¸ªå‡½æ•°ï¼Œç”¨äºŽå°†æ•°æ®è½¬æ¢ä¸ºå¼ é‡
def make_Tensor(array):
    return torch.from_numpy(array).float()

# å°†è®­ç»ƒé›†ã€éªŒè¯é›†å’Œæµ‹è¯•é›†è½¬æ¢ä¸ºå¼ é‡
X_train = make_Tensor(X_train)
y_train = make_Tensor(y_train)
X_val = make_Tensor(X_val)
y_val = make_Tensor(y_val)
X_test = make_Tensor(X_test)
y_test = make_Tensor(y_test)

------------------


[1;31m---------------------------------------------------------------------------[0m
[1;31mFileNotFoundError[0m                         Traceback (most recent call last)
Cell [1;32mIn[3], line 2[0m
[0;32m      1[0m [38;5;66;03m# è¯»å–å…¨çƒCOVID-19ç¡®è¯Šæ•°æ®[39;00m
[1;32m----> 2[0m confirmed [38;5;241m=[39m [43mpd[49m[38;5;241;43m.[39;49m[43mread_csv[49m[43m([49m[38;5;124;43m'[39;49m[38;5;124;43mtime_series_covid19_confirmed_global.csv[39;49m[38;5;124;43m'[39;49m[43m)[49m
[0;32m      3[0m [38;5;66;03m# ç­›é€‰å‡ºéŸ©å›½çš„æ•°æ®[39;00m
[0;32m      4[0m confirmed[confirmed[[38;5;124m'[39m[38;5;124mCountry/Region[39m[38;5;124m'[39m][38;5;241m==[39m[38;5;124m'[39m[38;5;124mKorea, South[39m[38;5;124m'[39m]

File [1;32mD:\Program Files\Python39\lib\site-packages\pandas\io\parsers\readers.py:1026[0m, in [0;36mread_csv[1;34m(filepath_or_buffer, sep, delimiter, header, names, index_col, usecols, dtype, engine, converters, true_values, false_values, skipinitialspace, skiprows, skipfooter, nrows, na_values, keep_default_na, na_filter, verbose, skip_blank_lines, parse_dates, infer_datetime_format, keep_date_col, date_parser, date_format, dayfirst, cache_dates, iterator, chunksize, compression, thousands, decimal, lineterminator, quotechar, quoting, doublequote, escapechar, comment, encoding, encoding_errors, dialect, on_bad_lines, delim_whitespace, low_memory, memory_map, float_precision, storage_options, dtype_backend)[0m
[0;32m   1013[0m kwds_defaults [38;5;241m=[39m _refine_defaults_read(
[0;32m   1014[0m     dialect,
[0;32m   1015[0m     delimiter,
[1;32m   (...)[0m
[0;32m   1022[0m     dtype_backend[38;5;241m=[39mdtype_backend,
[0;32m   1023[0m )
[0;32m   1024[0m kwds[38;5;241m.[39mupdate(kwds_defaults)
[1;32m-> 1026[0m [38;5;28;01mreturn[39;00m [43m_read[49m[43m([49m[43mfilepath_or_buffer[49m[43m,[49m[43m [49m[43mkwds[49m[43m)[49m

File [1;32mD:\Program Files\Python39\lib\site-packages\pandas\io\parsers\readers.py:620[0m, in [0;36m_read[1;34m(filepath_or_buffer, kwds)[0m
[0;32m    617[0m _validate_names(kwds[38;5;241m.[39mget([38;5;124m"[39m[38;5;124mnames[39m[38;5;124m"[39m, [38;5;28;01mNone[39;00m))
[0;32m    619[0m [38;5;66;03m# Create the parser.[39;00m
[1;32m--> 620[0m parser [38;5;241m=[39m TextFileReader(filepath_or_buffer, [38;5;241m*[39m[38;5;241m*[39mkwds)
[0;32m    622[0m [38;5;28;01mif[39;00m chunksize [38;5;129;01mor[39;00m iterator:
[0;32m    623[0m     [38;5;28;01mreturn[39;00m parser

File [1;32mD:\Program Files\Python39\lib\site-packages\pandas\io\parsers\readers.py:1620[0m, in [0;36mTextFileReader.__init__[1;34m(self, f, engine, **kwds)[0m
[0;32m   1617[0m     [38;5;28mself[39m[38;5;241m.[39moptions[[38;5;124m"[39m[38;5;124mhas_index_names[39m[38;5;124m"[39m] [38;5;241m=[39m kwds[[38;5;124m"[39m[38;5;124mhas_index_names[39m[38;5;124m"[39m]
[0;32m   1619[0m [38;5;28mself[39m[38;5;241m.[39mhandles: IOHandles [38;5;241m|[39m [38;5;28;01mNone[39;00m [38;5;241m=[39m [38;5;28;01mNone[39;00m
[1;32m-> 1620[0m [38;5;28mself[39m[38;5;241m.[39m_engine [38;5;241m=[39m [38;5;28;43mself[39;49m[38;5;241;43m.[39;49m[43m_make_engine[49m[43m([49m[43mf[49m[43m,[49m[43m [49m[38;5;28;43mself[39;49m[38;5;241;43m.[39;49m[43mengine[49m[43m)[49m

File [1;32mD:\Program Files\Python39\lib\site-packages\pandas\io\parsers\readers.py:1880[0m, in [0;36mTextFileReader._make_engine[1;34m(self, f, engine)[0m
[0;32m   1878[0m     [38;5;28;01mif[39;00m [38;5;124m"[39m[38;5;124mb[39m[38;5;124m"[39m [38;5;129;01mnot[39;00m [38;5;129;01min[39;00m mode:
[0;32m   1879[0m         mode [38;5;241m+[39m[38;5;241m=[39m [38;5;124m"[39m[38;5;124mb[39m[38;5;124m"[39m
[1;32m-> 1880[0m [38;5;28mself[39m[38;5;241m.[39mhandles [38;5;241m=[39m [43mget_handle[49m[43m([49m
[0;32m   1881[0m [43m    [49m[43mf[49m[43m,[49m
[0;32m   1882[0m [43m    [49m[43mmode[49m[43m,[49m
[0;32m   1883[0m [43m    [49m[43mencoding[49m[38;5;241;43m=[39;49m[38;5;28;43mself[39;49m[38;5;241;43m.[39;49m[43moptions[49m[38;5;241;43m.[39;49m[43mget[49m[43m([49m[38;5;124;43m"[39;49m[38;5;124;43mencoding[39;49m[38;5;124;43m"[39;49m[43m,[49m[43m [49m[38;5;28;43;01mNone[39;49;00m[43m)[49m[43m,[49m
[0;32m   1884[0m [43m    [49m[43mcompression[49m[38;5;241;43m=[39;49m[38;5;28;43mself[39;49m[38;5;241;43m.[39;49m[43moptions[49m[38;5;241;43m.[39;49m[43mget[49m[43m([49m[38;5;124;43m"[39;49m[38;5;124;43mcompression[39;49m[38;5;124;43m"[39;49m[43m,[49m[43m [49m[38;5;28;43;01mNone[39;49;00m[43m)[49m[43m,[49m
[0;32m   1885[0m [43m    [49m[43mmemory_map[49m[38;5;241;43m=[39;49m[38;5;28;43mself[39;49m[38;5;241;43m.[39;49m[43moptions[49m[38;5;241;43m.[39;49m[43mget[49m[43m([49m[38;5;124;43m"[39;49m[38;5;124;43mmemory_map[39;49m[38;5;124;43m"[39;49m[43m,[49m[43m [49m[38;5;28;43;01mFalse[39;49;00m[43m)[49m[43m,[49m
[0;32m   1886[0m [43m    [49m[43mis_text[49m[38;5;241;43m=[39;49m[43mis_text[49m[43m,[49m
[0;32m   1887[0m [43m    [49m[43merrors[49m[38;5;241;43m=[39;49m[38;5;28;43mself[39;49m[38;5;241;43m.[39;49m[43moptions[49m[38;5;241;43m.[39;49m[43mget[49m[43m([49m[38;5;124;43m"[39;49m[38;5;124;43mencoding_errors[39;49m[38;5;124;43m"[39;49m[43m,[49m[43m [49m[38;5;124;43m"[39;49m[38;5;124;43mstrict[39;49m[38;5;124;43m"[39;49m[43m)[49m[43m,[49m
[0;32m   1888[0m [43m    [49m[43mstorage_options[49m[38;5;241;43m=[39;49m[38;5;28;43mself[39;49m[38;5;241;43m.[39;49m[43moptions[49m[38;5;241;43m.[39;49m[43mget[49m[43m([49m[38;5;124;43m"[39;49m[38;5;124;43mstorage_options[39;49m[38;5;124;43m"[39;49m[43m,[49m[43m [49m[38;5;28;43;01mNone[39;49;00m[43m)[49m[43m,[49m
[0;32m   1889[0m [43m[49m[43m)[49m
[0;32m   1890[0m [38;5;28;01massert[39;00m [38;5;28mself[39m[38;5;241m.[39mhandles [38;5;129;01mis[39;00m [38;5;129;01mnot[39;00m [38;5;28;01mNone[39;00m
[0;32m   1891[0m f [38;5;241m=[39m [38;5;28mself[39m[38;5;241m.[39mhandles[38;5;241m.[39mhandle

File [1;32mD:\Program Files\Python39\lib\site-packages\pandas\io\common.py:873[0m, in [0;36mget_handle[1;34m(path_or_buf, mode, encoding, compression, memory_map, is_text, errors, storage_options)[0m
[0;32m    868[0m [38;5;28;01melif[39;00m [38;5;28misinstance[39m(handle, [38;5;28mstr[39m):
[0;32m    869[0m     [38;5;66;03m# Check whether the filename is to be opened in binary mode.[39;00m
[0;32m    870[0m     [38;5;66;03m# Binary mode does not support 'encoding' and 'newline'.[39;00m
[0;32m    871[0m     [38;5;28;01mif[39;00m ioargs[38;5;241m.[39mencoding [38;5;129;01mand[39;00m [38;5;124m"[39m[38;5;124mb[39m[38;5;124m"[39m [38;5;129;01mnot[39;00m [38;5;129;01min[39;00m ioargs[38;5;241m.[39mmode:
[0;32m    872[0m         [38;5;66;03m# Encoding[39;00m
[1;32m--> 873[0m         handle [38;5;241m=[39m [38;5;28;43mopen[39;49m[43m([49m
[0;32m    874[0m [43m            [49m[43mhandle[49m[43m,[49m
[0;32m    875[0m [43m            [49m[43mioargs[49m[38;5;241;43m.[39;49m[43mmode[49m[43m,[49m
[0;32m    876[0m [43m            [49m[43mencoding[49m[38;5;241;43m=[39;49m[43mioargs[49m[38;5;241;43m.[39;49m[43mencoding[49m[43m,[49m
[0;32m    877[0m [43m            [49m[43merrors[49m[38;5;241;43m=[39;49m[43merrors[49m[43m,[49m
[0;32m    878[0m [43m            [49m[43mnewline[49m[38;5;241;43m=[39;49m[38;5;124;43m"[39;49m[38;5;124;43m"[39;49m[43m,[49m
[0;32m    879[0m [43m        [49m[43m)[49m
[0;32m    880[0m     [38;5;28;01melse[39;00m:
[0;32m    881[0m         [38;5;66;03m# Binary mode[39;00m
[0;32m    882[0m         handle [38;5;241m=[39m [38;5;28mopen[39m(handle, ioargs[38;5;241m.[39mmode)

[1;31mFileNotFoundError[0m: [Errno 2] No such file or directory: 'time_series_covid19_confirmed_global.csv'

